mode: set
objectweaver/cors/cors.go:96.33,104.35 2 1
objectweaver/cors/cors.go:104.35,106.3 1 0
objectweaver/cors/cors.go:113.2,113.38 1 1
objectweaver/cors/cors.go:113.38,114.37 1 1
objectweaver/cors/cors.go:114.37,117.4 1 1
objectweaver/cors/cors.go:118.8,121.49 3 1
objectweaver/cors/cors.go:121.49,124.21 2 1
objectweaver/cors/cors.go:124.21,129.10 4 1
objectweaver/cors/cors.go:130.10,130.58 1 1
objectweaver/cors/cors.go:130.58,134.5 2 1
objectweaver/cors/cors.go:134.10,136.5 1 1
objectweaver/cors/cors.go:141.2,141.38 1 1
objectweaver/cors/cors.go:141.38,144.3 1 1
objectweaver/cors/cors.go:144.8,147.44 2 1
objectweaver/cors/cors.go:147.44,148.16 1 1
objectweaver/cors/cors.go:148.16,151.10 3 1
objectweaver/cors/cors.go:157.2,157.38 1 1
objectweaver/cors/cors.go:157.38,160.3 1 1
objectweaver/cors/cors.go:160.8,162.3 1 1
objectweaver/cors/cors.go:164.2,164.10 1 1
objectweaver/cors/cors.go:168.68,171.2 2 1
objectweaver/cors/cors.go:175.23,189.2 1 1
objectweaver/cors/cors.go:193.56,194.71 1 1
objectweaver/cors/cors.go:194.71,195.92 1 1
objectweaver/cors/cors.go:195.92,202.27 3 1
objectweaver/cors/cors.go:202.27,204.5 1 1
objectweaver/cors/cors.go:204.10,206.5 1 1
objectweaver/cors/cors.go:207.9,211.4 3 1
objectweaver/cors/cors.go:216.72,220.36 3 1
objectweaver/cors/cors.go:220.36,223.3 2 0
objectweaver/cors/cors.go:227.2,231.18 4 1
objectweaver/cors/cors.go:231.18,234.3 2 0
objectweaver/cors/cors.go:235.2,235.35 1 1
objectweaver/cors/cors.go:235.35,238.3 2 0
objectweaver/cors/cors.go:240.2,241.35 2 1
objectweaver/cors/cors.go:241.35,244.3 2 1
objectweaver/cors/cors.go:245.2,246.38 2 1
objectweaver/cors/cors.go:246.38,249.3 2 1
objectweaver/cors/cors.go:250.2,250.25 1 1
objectweaver/cors/cors.go:250.25,252.3 1 1
objectweaver/cors/cors.go:252.8,254.3 1 1
objectweaver/cors/cors.go:257.2,258.25 2 1
objectweaver/cors/cors.go:258.25,263.3 1 1
objectweaver/cors/cors.go:264.2,264.24 1 1
objectweaver/cors/cors.go:264.24,266.3 1 0
objectweaver/cors/cors.go:267.2,267.18 1 1
objectweaver/cors/cors.go:267.18,269.3 1 1
objectweaver/cors/cors.go:270.2,270.51 1 1
objectweaver/cors/cors.go:274.76,280.18 4 1
objectweaver/cors/cors.go:280.18,283.3 2 1
objectweaver/cors/cors.go:284.2,284.35 1 1
objectweaver/cors/cors.go:284.35,287.3 2 1
objectweaver/cors/cors.go:293.2,293.34 1 1
objectweaver/cors/cors.go:293.34,297.3 2 1
objectweaver/cors/cors.go:298.2,298.25 1 1
objectweaver/cors/cors.go:298.25,300.3 1 1
objectweaver/cors/cors.go:300.8,302.3 1 1
objectweaver/cors/cors.go:303.2,303.31 1 1
objectweaver/cors/cors.go:303.31,305.3 1 1
objectweaver/cors/cors.go:306.2,306.24 1 1
objectweaver/cors/cors.go:306.24,308.3 1 1
objectweaver/cors/cors.go:309.2,309.54 1 1
objectweaver/cors/cors.go:313.54,314.18 1 1
objectweaver/cors/cors.go:314.18,316.3 1 0
objectweaver/cors/cors.go:321.69,322.30 1 1
objectweaver/cors/cors.go:322.30,324.3 1 1
objectweaver/cors/cors.go:325.2,325.25 1 1
objectweaver/cors/cors.go:325.25,327.3 1 1
objectweaver/cors/cors.go:328.2,329.37 2 1
objectweaver/cors/cors.go:329.37,330.18 1 1
objectweaver/cors/cors.go:330.18,332.4 1 1
objectweaver/cors/cors.go:334.2,334.38 1 1
objectweaver/cors/cors.go:334.38,335.22 1 1
objectweaver/cors/cors.go:335.22,337.4 1 1
objectweaver/cors/cors.go:339.2,339.14 1 1
objectweaver/cors/cors.go:344.52,345.32 1 1
objectweaver/cors/cors.go:345.32,348.3 1 0
objectweaver/cors/cors.go:349.2,350.34 2 1
objectweaver/cors/cors.go:350.34,353.3 1 1
objectweaver/cors/cors.go:354.2,354.37 1 1
objectweaver/cors/cors.go:354.37,355.18 1 1
objectweaver/cors/cors.go:355.18,357.4 1 1
objectweaver/cors/cors.go:359.2,359.14 1 1
objectweaver/cors/cors.go:364.66,365.55 1 1
objectweaver/cors/cors.go:365.55,367.3 1 1
objectweaver/cors/cors.go:368.2,368.42 1 1
objectweaver/cors/cors.go:368.42,371.38 3 1
objectweaver/cors/cors.go:371.38,372.19 1 1
objectweaver/cors/cors.go:372.19,374.10 2 1
objectweaver/cors/cors.go:377.3,377.13 1 1
objectweaver/cors/cors.go:377.13,379.4 1 1
objectweaver/cors/cors.go:381.2,381.13 1 1
objectweaver/cors/utils.go:14.40,16.2 1 1
objectweaver/cors/utils.go:19.48,21.22 2 1
objectweaver/cors/utils.go:21.22,23.3 1 1
objectweaver/cors/utils.go:24.2,24.12 1 1
objectweaver/cors/utils.go:28.50,34.25 5 1
objectweaver/cors/utils.go:34.25,35.27 1 1
objectweaver/cors/utils.go:35.27,37.4 1 1
objectweaver/cors/utils.go:39.2,40.25 2 1
objectweaver/cors/utils.go:40.25,42.27 2 1
objectweaver/cors/utils.go:42.27,43.13 1 1
objectweaver/cors/utils.go:43.13,45.5 1 1
objectweaver/cors/utils.go:45.10,47.5 1 1
objectweaver/cors/utils.go:48.9,48.34 1 1
objectweaver/cors/utils.go:48.34,49.14 1 1
objectweaver/cors/utils.go:49.14,51.5 1 1
objectweaver/cors/utils.go:51.10,53.5 1 1
objectweaver/cors/utils.go:54.9,54.72 1 1
objectweaver/cors/utils.go:54.72,56.4 1 1
objectweaver/cors/utils.go:58.3,58.39 1 1
objectweaver/cors/utils.go:58.39,59.18 1 1
objectweaver/cors/utils.go:59.18,64.5 3 1
objectweaver/cors/utils.go:65.9,67.4 1 1
objectweaver/cors/utils.go:69.2,69.16 1 1
